<?xml version="1.0" encoding="UTF-8"?>
<testsuite xmlns:xsi="http://www.w3.org/2001/XMLSchema-instance" xsi:noNamespaceSchemaLocation="https://maven.apache.org/surefire/maven-surefire-plugin/xsd/surefire-test-report.xsd" name="com.todo.app.TodoListTest" time="0.15" tests="4" errors="0" skipped="0" failures="0">
  <properties>
[...]
</properties>
  <testcase name="testToggleTodo" classname="com.todo.app.TodoListTest" time="0.112"/>
  <testcase name="testAddTodo" classname="com.todo.app.TodoListTest" time="0.004"/>
  <testcase name="testGetCompletedAndActiveTodos" classname="com.todo.app.TodoListTest" time="0.006"/>
  <testcase name="testRemoveTodo" classname="com.todo.app.TodoListTest" time="0.005"/>
</testsuite>